[debug] [2023-04-05T20:41:32.660Z] ----------------------------------------------------------------------
[debug] [2023-04-05T20:41:32.662Z] Command:       C:\Program Files\nodejs\node.exe C:\Users\bhart\AppData\Roaming\npm\node_modules\firebase-tools\lib\bin\firebase.js init hosting
[debug] [2023-04-05T20:41:32.663Z] CLI Version:   11.25.2
[debug] [2023-04-05T20:41:32.663Z] Platform:      win32
[debug] [2023-04-05T20:41:32.663Z] Node Version:  v16.19.1
[debug] [2023-04-05T20:41:32.665Z] Time:          Thu Apr 06 2023 02:11:32 GMT+0530 (India Standard Time)
[debug] [2023-04-05T20:41:32.665Z] ----------------------------------------------------------------------
[debug] 
[debug] [2023-04-05T20:41:32.675Z] > command requires scopes: ["email","openid","https://www.googleapis.com/auth/cloudplatformprojects.readonly","https://www.googleapis.com/auth/firebase","https://www.googleapis.com/auth/cloud-platform"]
[debug] [2023-04-05T20:41:32.676Z] > authorizing via signed-in user (bhartendrachauhan@gmail.com)
[info] 
     ######## #### ########  ######## ########     ###     ######  ########
     ##        ##  ##     ## ##       ##     ##  ##   ##  ##       ##
     ######    ##  ########  ######   ########  #########  ######  ######
     ##        ##  ##    ##  ##       ##     ## ##     ##       ## ##
     ##       #### ##     ## ######## ########  ##     ##  ######  ########

You're about to initialize a Firebase project in this directory:

  C:\Users\bhart\OneDrive\Documents\GitHub\full-stack-developer-assignment

[info] 
=== Project Setup
[info] 
[info] First, let's associate this project directory with a Firebase project.
[info] You can create multiple project aliases by running firebase use --add, 
[info] but for now we'll just set up a default project.
[info] 
[debug] [2023-04-05T20:41:40.021Z] >>> [apiv2][query] GET https://firebase.googleapis.com/v1beta1/projects pageSize=100
[debug] [2023-04-05T20:41:41.235Z] <<< [apiv2][status] GET https://firebase.googleapis.com/v1beta1/projects 200
[debug] [2023-04-05T20:41:41.235Z] <<< [apiv2][body] GET https://firebase.googleapis.com/v1beta1/projects [omitted]
[info] i  Using project full-stack-assignment-def31 (Full-stack-Assignment) 
[info] 
=== Hosting Setup
[info] 
[info] Your public directory is the folder (relative to your project directory) that
[info] will contain Hosting assets to be uploaded with firebase deploy. If you
[info] have a build process for your assets, use your build's output directory.
[info] 
[info] +  Wrote public/404.html 
[debug] [2023-04-05T20:42:13.484Z] >>> [apiv2][query] GET https://www.gstatic.com/firebasejs/releases.json [none]
[debug] [2023-04-05T20:42:13.684Z] <<< [apiv2][status] GET https://www.gstatic.com/firebasejs/releases.json 200
[debug] [2023-04-05T20:42:13.684Z] <<< [apiv2][body] GET https://www.gstatic.com/firebasejs/releases.json {"current":{"version":"9.19.1","browserURL":"https://www.gstatic.com/firebasejs/9.19.1/firebase.js","packageURL":"https://www.gstatic.com/firebasejs/9.19.1/firebase.tgz"},"live":{"version":"9.19","browserURL":"https://www.gstatic.com/firebasejs/live/9.19/firebase.js","packageURL":"https://www.gstatic.com/firebasejs/live/9.19/firebase.tgz"},"components":{"analytics":"https://www.gstatic.com/firebasejs/9.19.1/firebase-analytics.js","app":"https://www.gstatic.com/firebasejs/9.19.1/firebase-app.js","app-check":"https://www.gstatic.com/firebasejs/9.19.1/firebase-app-check.js","auth":"https://www.gstatic.com/firebasejs/9.19.1/firebase-auth.js","auth/cordova":"https://www.gstatic.com/firebasejs/9.19.1/firebase-auth/cordova.js","auth/react-native":"https://www.gstatic.com/firebasejs/9.19.1/firebase-auth/react-native.js","functions":"https://www.gstatic.com/firebasejs/9.19.1/firebase-functions.js","firestore":"https://www.gstatic.com/firebasejs/9.19.1/firebase-firestore.js","firestore/lite":"https://www.gstatic.com/firebasejs/9.19.1/firebase-firestore/lite.js","installations":"https://www.gstatic.com/firebasejs/9.19.1/firebase-installations.js","storage":"https://www.gstatic.com/firebasejs/9.19.1/firebase-storage.js","performance":"https://www.gstatic.com/firebasejs/9.19.1/firebase-performance.js","remote-config":"https://www.gstatic.com/firebasejs/9.19.1/firebase-remote-config.js","messaging":"https://www.gstatic.com/firebasejs/9.19.1/firebase-messaging.js","messaging/sw":"https://www.gstatic.com/firebasejs/9.19.1/firebase-messaging/sw.js","database":"https://www.gstatic.com/firebasejs/9.19.1/firebase-database.js","firestore.memory":"https://www.gstatic.com/firebasejs/9.19.1/firebase-firestore.memory.js"}}
[info] i  Skipping write of public/index.html 
[info] 
[info] i  Detected a .git folder at C:\Users\bhart\OneDrive\Documents\GitHub\full-stack-developer-assignment 
[info] i  Authorizing with GitHub to upload your service account to a GitHub repository's secrets store. 
[info] 
[info] Visit this URL on this device to log in:
[info] https://github.com/login/oauth/authorize?client_id=89cf50f02ac6aaed3484&state=135051639&redirect_uri=http%3A%2F%2Flocalhost%3A9005&scope=read%3Auser%20repo%20public_repo
[info] 
[info] Waiting for authentication...
[debug] [2023-04-05T20:42:55.068Z] >>> [apiv2][query] POST https://github.com/login/oauth/access_token [none]
[debug] [2023-04-05T20:42:55.070Z] >>> [apiv2][body] POST https://github.com/login/oauth/access_token [stream]
[debug] [2023-04-05T20:42:55.567Z] <<< [apiv2][status] POST https://github.com/login/oauth/access_token 200
[debug] [2023-04-05T20:42:55.573Z] <<< [apiv2][body] POST https://github.com/login/oauth/access_token {"access_token":"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","token_type":"bearer","scope":"read:user,repo"}
[debug] [2023-04-05T20:42:55.614Z] >>> [apiv2][query] GET https://api.github.com/user [none]
[debug] [2023-04-05T20:42:56.094Z] <<< [apiv2][status] GET https://api.github.com/user 200
[debug] [2023-04-05T20:42:56.095Z] <<< [apiv2][body] GET https://api.github.com/user {"login":"bhartendrachauhan","id":65101955,"node_id":"MDQ6VXNlcjY1MTAxOTU1","avatar_url":"https://avatars.githubusercontent.com/u/65101955?v=4","gravatar_id":"","url":"https://api.github.com/users/bhartendrachauhan","html_url":"https://github.com/bhartendrachauhan","followers_url":"https://api.github.com/users/bhartendrachauhan/followers","following_url":"https://api.github.com/users/bhartendrachauhan/following{/other_user}","gists_url":"https://api.github.com/users/bhartendrachauhan/gists{/gist_id}","starred_url":"https://api.github.com/users/bhartendrachauhan/starred{/owner}{/repo}","subscriptions_url":"https://api.github.com/users/bhartendrachauhan/subscriptions","organizations_url":"https://api.github.com/users/bhartendrachauhan/orgs","repos_url":"https://api.github.com/users/bhartendrachauhan/repos","events_url":"https://api.github.com/users/bhartendrachauhan/events{/privacy}","received_events_url":"https://api.github.com/users/bhartendrachauhan/received_events","type":"User","site_admin":false,"name":"Bhartendra Singh Chauhan","company":null,"blog":"","location":null,"email":null,"hireable":null,"bio":null,"twitter_username":null,"public_repos":15,"public_gists":0,"followers":1,"following":1,"created_at":"2020-05-10T03:33:18Z","updated_at":"2023-03-30T13:21:52Z","private_gists":0,"total_private_repos":83,"owned_private_repos":83,"disk_usage":31830,"collaborators":0,"two_factor_authentication":false,"plan":{"name":"free","space":976562499,"collaborators":0,"private_repos":10000}}
[info] 
[info] +  Success! Logged into GitHub as bhartendrachauhan 
[info] 
